*INFO* 	2016/11/22 - 11:54:21: Import Starting
*INFO* 	2016/11/22 - 11:54:21: Importing Products 1 to 75 of 75
*INFO* 	2016/11/22 - 11:54:23: Added Product, Name: Šampon PetEsthé pro krátkosrsté psy a se střednědlouhou srstí, ID: 8, Reference: 
*INFO* 	2016/11/22 - 11:54:23: Created Category: Šampony
*INFO* 	2016/11/22 - 11:54:23: Assigning default Category ID: 3, for Product ID: 8
*INFO* 	2016/11/22 - 11:54:23: Image downloaded: https://www.spokojeny-mazlicek.cz/fotky62763/fotos/original/_vyr_1sampony_pro_psy_petesthe_2.jpg, Size: 6.20K, Time Taken: 0.081178 secs
*INFO* 	2016/11/22 - 11:54:23: Added Product, Name: Šampon PetEsthé pro dlouhosrsté psy, ID: 9, Reference: 
*INFO* 	2016/11/22 - 11:54:23: Assigning default Category ID: 3, for Product ID: 9
*INFO* 	2016/11/22 - 11:54:23: Image downloaded: https://www.spokojeny-mazlicek.cz/fotky62763/fotos/original/_vyr_2sampony_pro_psy_petesthe_1.jpg, Size: 5.99K, Time Taken: 0.034829 secs
*INFO* 	2016/11/22 - 11:54:23: Added Product, Name: Šampon PetEsthé pro psy s bílou srstí, ID: 10, Reference: 
*INFO* 	2016/11/22 - 11:54:23: Assigning default Category ID: 3, for Product ID: 10
*INFO* 	2016/11/22 - 11:54:23: Image downloaded: https://www.spokojeny-mazlicek.cz/fotky62763/fotos/original/_vyr_3sampony_pro_psy_petesthe_4.jpg, Size: 6.35K, Time Taken: 0.018764 secs
*INFO* 	2016/11/22 - 11:54:23: Added Product, Name: Šampon PetEsthé pro štěňata, ID: 11, Reference: 
*INFO* 	2016/11/22 - 11:54:24: Assigning default Category ID: 3, for Product ID: 11
*INFO* 	2016/11/22 - 11:54:24: Image downloaded: https://www.spokojeny-mazlicek.cz/fotky62763/fotos/original/_vyr_4stene.jpg, Size: 6.37K, Time Taken: 0.017552 secs
*INFO* 	2016/11/22 - 11:54:24: Added Product, Name: Šampon PetEsthé Charcoal s výtažkem dřevěného uhlí, ID: 12, Reference: 
*INFO* 	2016/11/22 - 11:54:24: Assigning default Category ID: 3, for Product ID: 12
*INFO* 	2016/11/22 - 11:54:24: Image downloaded: https://www.spokojeny-mazlicek.cz/fotky62763/fotos/original/_vyr_5sampony_pro_psy_petesthe_6.jpg, Size: 12.59K, Time Taken: 0.020536 secs
*INFO* 	2016/11/22 - 11:54:24: Added Product, Name: Bahenní šampon pro všechna plemena  350ml, ID: 13, Reference: 
*INFO* 	2016/11/22 - 11:54:24: Assigning default Category ID: 3, for Product ID: 13
*INFO* 	2016/11/22 - 11:54:24: Image downloaded: https://www.spokojeny-mazlicek.cz/fotky62763/fotos/original/_vyr_6kosmetika_pro_psy_petesthe_1--1.jpg, Size: 6.56K, Time Taken: 0.023791 secs
*INFO* 	2016/11/22 - 11:54:24: Added Product, Name: Bahenní šampon pro psy s bílou srstí  350ml, ID: 14, Reference: 
*INFO* 	2016/11/22 - 11:54:24: Assigning default Category ID: 3, for Product ID: 14
*INFO* 	2016/11/22 - 11:54:24: Image downloaded: https://www.spokojeny-mazlicek.cz/fotky62763/fotos/original/_vyr_7kosmetika_pro_psy_petesthe_2.jpg, Size: 7.06K, Time Taken: 0.018838 secs
*INFO* 	2016/11/22 - 11:54:24: Added Product, Name: Bahenní šampon pro štěňata  350ml, ID: 15, Reference: 
*INFO* 	2016/11/22 - 11:54:24: Assigning default Category ID: 3, for Product ID: 15
*INFO* 	2016/11/22 - 11:54:24: Image downloaded: https://www.spokojeny-mazlicek.cz/fotky62763/fotos/original/_vyr_8kosmetika_pro_psy_petesthe_3.jpg, Size: 7.01K, Time Taken: 0.01886 secs
*INFO* 	2016/11/22 - 11:54:24: Added Product, Name: Bahenní šampon pro psí seniory  350ml, ID: 16, Reference: 
*INFO* 	2016/11/22 - 11:54:24: Assigning default Category ID: 3, for Product ID: 16
*INFO* 	2016/11/22 - 11:54:24: Image downloaded: https://www.spokojeny-mazlicek.cz/fotky62763/fotos/original/_vyr_9kosmetika_pro_psy_petesthe_8.jpg, Size: 5.06K, Time Taken: 0.016671 secs
*INFO* 	2016/11/22 - 11:54:25: Added Product, Name: Bahenní šampon pro kočky  350ml, ID: 17, Reference: 
*INFO* 	2016/11/22 - 11:54:25: Assigning default Category ID: 3, for Product ID: 17
*INFO* 	2016/11/22 - 11:54:25: Image downloaded: https://www.spokojeny-mazlicek.cz/fotky62763/fotos/original/_vyr_10kosmetika_pro_psy_petesthe_4.jpg, Size: 6.57K, Time Taken: 0.02155 secs
*INFO* 	2016/11/22 - 11:54:25: Added Product, Name: Bahenní kondicionér pro zvětšení objemu  350ml, ID: 18, Reference: 
*INFO* 	2016/11/22 - 11:54:25: Created Category: Kondicionéry
*INFO* 	2016/11/22 - 11:54:25: Assigning default Category ID: 4, for Product ID: 18
*INFO* 	2016/11/22 - 11:54:25: Image downloaded: https://www.spokojeny-mazlicek.cz/fotky62763/fotos/original/_vyr_11kosmetika_pro_psy_petesthe_5.jpg, Size: 5.84K, Time Taken: 0.023674 secs
*INFO* 	2016/11/22 - 11:54:25: Added Product, Name: Bahenní kondicionér pro zmenšení objemu  350ml, ID: 19, Reference: 
*INFO* 	2016/11/22 - 11:54:25: Assigning default Category ID: 4, for Product ID: 19
*INFO* 	2016/11/22 - 11:54:25: Image downloaded: https://www.spokojeny-mazlicek.cz/fotky62763/fotos/original/_vyr_12kosmetika_pro_psy_petesthe_5.jpg, Size: 6.13K, Time Taken: 0.041312 secs
*INFO* 	2016/11/22 - 11:54:25: Added Product, Name: Bahenní kondicionér  pro psí seniory  250ml, ID: 20, Reference: 
*INFO* 	2016/11/22 - 11:54:25: Assigning default Category ID: 4, for Product ID: 20
*INFO* 	2016/11/22 - 11:54:25: Image downloaded: https://www.spokojeny-mazlicek.cz/fotky62763/fotos/original/_vyr_13kondi.jpg, Size: 12.67K, Time Taken: 0.014029 secs
*INFO* 	2016/11/22 - 11:54:25: Added Product, Name: Bahenní kondicionér univerzální (pro všechna plemena), ID: 21, Reference: 
*INFO* 	2016/11/22 - 11:54:25: Assigning default Category ID: 4, for Product ID: 21
*INFO* 	2016/11/22 - 11:54:25: Image downloaded: https://www.spokojeny-mazlicek.cz/fotky62763/fotos/original/_vyr_14spa-kond.jpg, Size: 37.92K, Time Taken: 0.025012 secs
*INFO* 	2016/11/22 - 11:54:26: Added Product, Name: Kondicionér pro psy a kočky, ID: 22, Reference: 
*INFO* 	2016/11/22 - 11:54:26: Assigning default Category ID: 4, for Product ID: 22
*INFO* 	2016/11/22 - 11:54:26: Image downloaded: https://www.spokojeny-mazlicek.cz/fotky62763/fotos/original/_vyr_16sampony_pro_psy_petesthe_5.jpg, Size: 6.00K, Time Taken: 0.029456 secs
*INFO* 	2016/11/22 - 11:54:26: Added Product, Name: PRE UP finální gel na zvětšení objemu srsti 170ml, ID: 23, Reference: 
*INFO* 	2016/11/22 - 11:54:26: Created Category: Speciální přípravky
*INFO* 	2016/11/22 - 11:54:26: Assigning default Category ID: 5, for Product ID: 23
*INFO* 	2016/11/22 - 11:54:26: Image downloaded: https://www.spokojeny-mazlicek.cz/fotky62763/fotos/original/_vyr_17112-large_default.jpg, Size: 15.45K, Time Taken: 0.022211 secs
*INFO* 	2016/11/22 - 11:54:26: Added Product, Name: PRE DOWN finální gel na zmenšení objemu srsti 170ml, ID: 24, Reference: 
*INFO* 	2016/11/22 - 11:54:26: Assigning default Category ID: 5, for Product ID: 24
*INFO* 	2016/11/22 - 11:54:26: Image downloaded: https://www.spokojeny-mazlicek.cz/fotky62763/fotos/original/_vyr_18113-large_default.jpg, Size: 15.44K, Time Taken: 0.026563 secs
*INFO* 	2016/11/22 - 11:54:26: Added Product, Name: Bezoplachový šampon - pěna  180ml, ID: 25, Reference: 
*INFO* 	2016/11/22 - 11:54:26: Assigning default Category ID: 5, for Product ID: 25
*INFO* 	2016/11/22 - 11:54:26: Image downloaded: https://www.spokojeny-mazlicek.cz/fotky62763/fotos/original/_vyr_19116-large_default.jpg, Size: 5.20K, Time Taken: 0.012403 secs
*INFO* 	2016/11/22 - 11:54:27: Added Product, Name: Přípravek k odstranění cucků a knotů v srsti 140ml, ID: 26, Reference: 
*INFO* 	2016/11/22 - 11:54:27: Assigning default Category ID: 5, for Product ID: 26
*INFO* 	2016/11/22 - 11:54:27: Image downloaded: https://www.spokojeny-mazlicek.cz/fotky62763/fotos/original/_vyr_20115-large_default.jpg, Size: 16.68K, Time Taken: 0.023704 secs
*INFO* 	2016/11/22 - 11:54:27: Added Product, Name: PetEsthé Aromakoupel - růže  15g, ID: 27, Reference: 
*INFO* 	2016/11/22 - 11:54:27: Created Category: Aroma koupele PetEsthé
*INFO* 	2016/11/22 - 11:54:27: Assigning default Category ID: 6, for Product ID: 27
*INFO* 	2016/11/22 - 11:54:27: Image downloaded: https://www.spokojeny-mazlicek.cz/fotky62763/fotos/original/_vyr_2165-large_default.jpg, Size: 9.66K, Time Taken: 0.063935 secs
*INFO* 	2016/11/22 - 11:54:27: Added Product, Name: PetEsthé Aromakoupel - heřmánek  15g, ID: 28, Reference: 
*INFO* 	2016/11/22 - 11:54:27: Assigning default Category ID: 6, for Product ID: 28
*INFO* 	2016/11/22 - 11:54:27: Image downloaded: https://www.spokojeny-mazlicek.cz/fotky62763/fotos/original/_vyr_2266-large_default.jpg, Size: 9.49K, Time Taken: 0.015464 secs
*INFO* 	2016/11/22 - 11:54:27: Added Product, Name: PetEsthé Aromakoupel - levandule  15g, ID: 29, Reference: 
*INFO* 	2016/11/22 - 11:54:27: Assigning default Category ID: 6, for Product ID: 29
*INFO* 	2016/11/22 - 11:54:28: Image downloaded: https://www.spokojeny-mazlicek.cz/fotky62763/fotos/original/_vyr_2365-large_default.jpg, Size: 9.66K, Time Taken: 0.009699 secs
*INFO* 	2016/11/22 - 11:54:28: Added Product, Name: PetEsthé Aromakoupel -vanilka a kokos  15g, ID: 30, Reference: 
*INFO* 	2016/11/22 - 11:54:28: Assigning default Category ID: 6, for Product ID: 30
*INFO* 	2016/11/22 - 11:54:28: Image downloaded: https://www.spokojeny-mazlicek.cz/fotky62763/fotos/original/_vyr_2468-large_default.jpg, Size: 9.92K, Time Taken: 0.016799 secs
*INFO* 	2016/11/22 - 11:54:28: Added Product, Name: PetEsthé Aromakoupel - máta a rozmarýn  15g, ID: 31, Reference: 
*INFO* 	2016/11/22 - 11:54:28: Assigning default Category ID: 6, for Product ID: 31
*INFO* 	2016/11/22 - 11:54:28: Image downloaded: https://www.spokojeny-mazlicek.cz/fotky62763/fotos/original/_vyr_2565-large_default.jpg, Size: 9.45K, Time Taken: 0.020188 secs
*INFO* 	2016/11/22 - 11:54:28: Added Product, Name: PetEsthé Aromakoupel - sléz 15g, ID: 32, Reference: 
*INFO* 	2016/11/22 - 11:54:28: Assigning default Category ID: 6, for Product ID: 32
*INFO* 	2016/11/22 - 11:54:28: Image downloaded: https://www.spokojeny-mazlicek.cz/fotky62763/fotos/original/_vyr_2665-large_default.jpg, Size: 9.91K, Time Taken: 0.012277 secs
*INFO* 	2016/11/22 - 11:54:29: Added Product, Name: Bouda Elegance, ID: 33, Reference: 
*INFO* 	2016/11/22 - 11:54:29: Created Category: Pelíšky pro psy a kočky
*INFO* 	2016/11/22 - 11:54:29: Assigning default Category ID: 7, for Product ID: 33
*INFO* 	2016/11/22 - 11:54:29: Image downloaded: https://www.spokojeny-mazlicek.cz/fotky62763/fotos/original/_vyr_27boudaeleganceD96-260x195.jpg, Size: 4.43K, Time Taken: 0.01959 secs
*INFO* 	2016/11/22 - 11:54:29: Added Product, Name: IGLÚ DOTTY, ID: 34, Reference: 
*INFO* 	2016/11/22 - 11:54:29: Assigning default Category ID: 7, for Product ID: 34
*INFO* 	2016/11/22 - 11:54:29: Image downloaded: https://www.spokojeny-mazlicek.cz/fotky62763/fotos/original/_vyr_28igludotty-detail1-260x195.jpg, Size: 7.45K, Time Taken: 0.010924 secs
*INFO* 	2016/11/22 - 11:54:29: Added Product, Name: Bouda DOTTY, ID: 35, Reference: 
*INFO* 	2016/11/22 - 11:54:29: Assigning default Category ID: 7, for Product ID: 35
*INFO* 	2016/11/22 - 11:54:29: Image downloaded: https://www.spokojeny-mazlicek.cz/fotky62763/fotos/original/_vyr_29boudadotty-detail-120x90.jpg, Size: 2.41K, Time Taken: 0.033988 secs
*INFO* 	2016/11/22 - 11:54:29: Added Product, Name: ARMANI DE LUXE, ID: 36, Reference: 
*INFO* 	2016/11/22 - 11:54:29: Assigning default Category ID: 7, for Product ID: 36
*INFO* 	2016/11/22 - 11:54:29: Image downloaded: https://www.spokojeny-mazlicek.cz/fotky62763/fotos/original/_vyr_30armanideluxe_zebra-260x195.jpg, Size: 7.47K, Time Taken: 0.018391 secs
*INFO* 	2016/11/22 - 11:54:29: Added Product, Name: SUPER DOTTY, ID: 37, Reference: 
*INFO* 	2016/11/22 - 11:54:29: Assigning default Category ID: 7, for Product ID: 37
*INFO* 	2016/11/22 - 11:54:29: Image downloaded: https://www.spokojeny-mazlicek.cz/fotky62763/fotos/original/_vyr_31superdottyD100-260x195.jpg, Size: 6.94K, Time Taken: 0.014981 secs
*INFO* 	2016/11/22 - 11:54:30: Added Product, Name: Ortopedická matrace, ID: 38, Reference: 
*INFO* 	2016/11/22 - 11:54:30: Assigning default Category ID: 7, for Product ID: 38
*INFO* 	2016/11/22 - 11:54:30: Image downloaded: https://www.spokojeny-mazlicek.cz/fotky62763/fotos/original/_vyr_32ortmatD00b-120x90.jpg, Size: 2.49K, Time Taken: 0.021704 secs
*INFO* 	2016/11/22 - 11:54:30: Added Product, Name: Ortopedická matrace DE LUXE, ID: 39, Reference: 
*INFO* 	2016/11/22 - 11:54:30: Assigning default Category ID: 7, for Product ID: 39
*INFO* 	2016/11/22 - 11:54:30: Image downloaded: https://www.spokojeny-mazlicek.cz/fotky62763/fotos/original/_vyr_33ortmatdeluxe_00a-120x90.jpg, Size: 2.88K, Time Taken: 0.013862 secs
*INFO* 	2016/11/22 - 11:54:30: Added Product, Name: Podložka do přepravky/klece, ID: 40, Reference: 
*INFO* 	2016/11/22 - 11:54:30: Created Category: Podložky do přepravek
*INFO* 	2016/11/22 - 11:54:30: Assigning default Category ID: 8, for Product ID: 40
*INFO* 	2016/11/22 - 11:54:30: Image downloaded: https://www.spokojeny-mazlicek.cz/fotky62763/fotos/original/_vyr_34podlozkaA17-260x195.jpg, Size: 4.24K, Time Taken: 0.019755 secs
*INFO* 	2016/11/22 - 11:54:30: Added Product, Name: Taška MARILYN, ID: 41, Reference: 
*INFO* 	2016/11/22 - 11:54:30: Created Category: Tašky
*INFO* 	2016/11/22 - 11:54:30: Assigning default Category ID: 9, for Product ID: 41
*INFO* 	2016/11/22 - 11:54:30: Image downloaded: https://www.spokojeny-mazlicek.cz/fotky62763/fotos/original/_vyr_35marilyn-cerna-detail2-120x90.jpg, Size: 4.36K, Time Taken: 0.01643 secs
*INFO* 	2016/11/22 - 11:54:30: Added Product, Name: Obojek COMFORT, ID: 42, Reference: 
*INFO* 	2016/11/22 - 11:54:30: Created Category: Obojky a kšíry
*INFO* 	2016/11/22 - 11:54:30: Assigning default Category ID: 10, for Product ID: 42
*INFO* 	2016/11/22 - 11:54:30: Image downloaded: https://www.spokojeny-mazlicek.cz/fotky62763/fotos/original/_vyr_36obojek-comfort-260x195.jpg, Size: 9.25K, Time Taken: 0.060562 secs
*INFO* 	2016/11/22 - 11:54:31: Added Product, Name: Vodítko COMFORT, ID: 43, Reference: 
*INFO* 	2016/11/22 - 11:54:31: Created Category: Vodítka
*INFO* 	2016/11/22 - 11:54:31: Assigning default Category ID: 11, for Product ID: 43
*INFO* 	2016/11/22 - 11:54:31: Image downloaded: https://www.spokojeny-mazlicek.cz/fotky62763/fotos/original/_vyr_37voditko-comfort-260x195.jpg, Size: 9.86K, Time Taken: 0.024849 secs
*INFO* 	2016/11/22 - 11:54:31: Added Product, Name: Bunda FLUFFY, ID: 44, Reference: 
*INFO* 	2016/11/22 - 11:54:31: Created Category: Oblečky
*INFO* 	2016/11/22 - 11:54:31: Assigning default Category ID: 12, for Product ID: 44
*INFO* 	2016/11/22 - 11:54:31: Image downloaded: https://www.spokojeny-mazlicek.cz/fotky62763/fotos/original/_vyr_38BFL004-model1-120x90.jpg, Size: 1.87K, Time Taken: 0.024063 secs
*INFO* 	2016/11/22 - 11:54:31: Added Product, Name: Kšíry pro psy, ID: 45, Reference: 
*INFO* 	2016/11/22 - 11:54:31: Assigning default Category ID: 10, for Product ID: 45
*INFO* 	2016/11/22 - 11:54:31: Image downloaded: https://www.spokojeny-mazlicek.cz/fotky62763/fotos/original/_vyr_39KSR003-model-120x90.jpg, Size: 1.50K, Time Taken: 0.016708 secs
*INFO* 	2016/11/22 - 11:54:31: Added Product, Name: Kondicionér Charcoal s výtažkem dřevěného uhlí, ID: 46, Reference: 
*INFO* 	2016/11/22 - 11:54:31: Assigning default Category ID: 4, for Product ID: 46
*INFO* 	2016/11/22 - 11:54:31: Image downloaded: https://www.spokojeny-mazlicek.cz/fotky62763/fotos/original/_vyr_40kond.jpg, Size: 10.66K, Time Taken: 0.024336 secs
*INFO* 	2016/11/22 - 11:54:31: Added Product, Name: SPA lázeňský super bělící šampon, ID: 47, Reference: 
*INFO* 	2016/11/22 - 11:54:31: Assigning default Category ID: 0, for Product ID: 47
*INFO* 	2016/11/22 - 11:54:31: Image downloaded: https://www.spokojeny-mazlicek.cz/fotky62763/fotos/original/_vyr_41spa-belici.jpg, Size: 42.26K, Time Taken: 0.018333 secs
*INFO* 	2016/11/22 - 11:54:32: Added Product, Name: SPA lázeňský univerzální šampon, ID: 48, Reference: 
*INFO* 	2016/11/22 - 11:54:32: Assigning default Category ID: 0, for Product ID: 48
*INFO* 	2016/11/22 - 11:54:32: Image downloaded: https://www.spokojeny-mazlicek.cz/fotky62763/fotos/original/_vyr_42spa-univerzal.jpg, Size: 42.50K, Time Taken: 0.065538 secs
*INFO* 	2016/11/22 - 11:54:32: Added Product, Name: DOG PRINCESS - keramická miska růžová, ID: 49, Reference: 
*INFO* 	2016/11/22 - 11:54:32: Created Category: Misky
*INFO* 	2016/11/22 - 11:54:32: Assigning default Category ID: 13, for Product ID: 49
*INFO* 	2016/11/22 - 11:54:32: Image downloaded: https://www.spokojeny-mazlicek.cz/fotky62763/fotos/original/_vyr_43168007afcz.jpg, Size: 31.61K, Time Taken: 0.020314 secs
*INFO* 	2016/11/22 - 11:54:32: Added Product, Name: DOG PRINCE - keramická miska šedo-bílá, ID: 50, Reference: 
*INFO* 	2016/11/22 - 11:54:32: Assigning default Category ID: 13, for Product ID: 50
*INFO* 	2016/11/22 - 11:54:32: Image downloaded: https://www.spokojeny-mazlicek.cz/fotky62763/fotos/original/_vyr_44168008afcz.jpg, Size: 34.27K, Time Taken: 0.020401 secs
*INFO* 	2016/11/22 - 11:54:33: Added Product, Name: MY PRINCESS - růžová, ID: 51, Reference: 
*INFO* 	2016/11/22 - 11:54:33: Assigning default Category ID: 13, for Product ID: 51
*INFO* 	2016/11/22 - 11:54:33: Image downloaded: https://www.spokojeny-mazlicek.cz/fotky62763/fotos/original/_vyr_45nerez.jpg, Size: 46.20K, Time Taken: 0.023465 secs
*INFO* 	2016/11/22 - 11:54:33: Added Product, Name: MY PRINCE - šedo/bílá, ID: 52, Reference: 
*INFO* 	2016/11/22 - 11:54:33: Assigning default Category ID: 13, for Product ID: 52
*INFO* 	2016/11/22 - 11:54:33: Image downloaded: https://www.spokojeny-mazlicek.cz/fotky62763/fotos/original/_vyr_46196301bfcz.jpg, Size: 37.18K, Time Taken: 0.022505 secs
*INFO* 	2016/11/22 - 11:54:33: Added Product, Name: KING of DOGS - keramická miska zkosená (černá), ID: 53, Reference: 
*INFO* 	2016/11/22 - 11:54:33: Assigning default Category ID: 13, for Product ID: 53
*INFO* 	2016/11/22 - 11:54:33: Image downloaded: https://www.spokojeny-mazlicek.cz/fotky62763/fotos/original/_vyr_47168009afcz.jpg, Size: 58.03K, Time Taken: 0.043678 secs
*INFO* 	2016/11/22 - 11:54:34: Added Product, Name: KING of DOGS - keramická miska zkosená (bílá), ID: 54, Reference: 
*INFO* 	2016/11/22 - 11:54:34: Assigning default Category ID: 13, for Product ID: 54
*INFO* 	2016/11/22 - 11:54:34: Image downloaded: https://www.spokojeny-mazlicek.cz/fotky62763/fotos/original/_vyr_48168009cfcz.jpg, Size: 38.32K, Time Taken: 0.022924 secs
*INFO* 	2016/11/22 - 11:54:34: Added Product, Name: Set keramických misek se stojánkem, ID: 55, Reference: 
*INFO* 	2016/11/22 - 11:54:34: Assigning default Category ID: 13, for Product ID: 55
*INFO* 	2016/11/22 - 11:54:34: Image downloaded: https://www.spokojeny-mazlicek.cz/fotky62763/fotos/original/_vyr_4920.jpg, Size: 37.44K, Time Taken: 0.017293 secs
*INFO* 	2016/11/22 - 11:54:34: Added Product, Name: Lovely DOG - miska těžká plastová - modrá, ID: 56, Reference: 
*INFO* 	2016/11/22 - 11:54:34: Assigning default Category ID: 13, for Product ID: 56
*INFO* 	2016/11/22 - 11:54:34: Image downloaded: https://www.spokojeny-mazlicek.cz/fotky62763/fotos/original/_vyr_5020350853433sdcz.jpg, Size: 5.69K, Time Taken: 0.018582 secs
*INFO* 	2016/11/22 - 11:54:35: Added Product, Name: Lovely DOG - miska těžká plastová - růžová, ID: 57, Reference: 
*INFO* 	2016/11/22 - 11:54:35: Assigning default Category ID: 13, for Product ID: 57
*INFO* 	2016/11/22 - 11:54:35: Image downloaded: https://www.spokojeny-mazlicek.cz/fotky62763/fotos/original/_vyr_51203508afcz.jpg, Size: 38.05K, Time Taken: 0.022227 secs
*INFO* 	2016/11/22 - 11:54:35: Added Product, Name: Prostíraní pod misku silikonové - tvar kost (modré), ID: 58, Reference: 
*INFO* 	2016/11/22 - 11:54:35: Created Category: Prostírání pod misky
*INFO* 	2016/11/22 - 11:54:35: Assigning default Category ID: 14, for Product ID: 58
*INFO* 	2016/11/22 - 11:54:35: Image downloaded: https://www.spokojeny-mazlicek.cz/fotky62763/fotos/original/_vyr_5219631051293sdcz.jpg, Size: 2.93K, Time Taken: 0.016951 secs
*INFO* 	2016/11/22 - 11:54:35: Added Product, Name: Prostírání pod misku silikonové - tvar kost (červené), ID: 59, Reference: 
*INFO* 	2016/11/22 - 11:54:35: Assigning default Category ID: 14, for Product ID: 59
*INFO* 	2016/11/22 - 11:54:35: Image downloaded: https://www.spokojeny-mazlicek.cz/fotky62763/fotos/original/_vyr_53196310asfcz--1.jpg, Size: 1.88K, Time Taken: 0.016372 secs
*INFO* 	2016/11/22 - 11:54:35: Added Product, Name: Prostírání - gumová podložka po misky ROYAL - bílá, ID: 60, Reference: 
*INFO* 	2016/11/22 - 11:54:35: Assigning default Category ID: 14, for Product ID: 60
*INFO* 	2016/11/22 - 11:54:35: Image downloaded: https://www.spokojeny-mazlicek.cz/fotky62763/fotos/original/_vyr_5420204652825sdcz.jpg, Size: 4.33K, Time Taken: 0.02301 secs
*INFO* 	2016/11/22 - 11:54:35: Added Product, Name: Prostírání - gumová podložka po misku ROYAL - černá, ID: 61, Reference: 
*INFO* 	2016/11/22 - 11:54:35: Assigning default Category ID: 14, for Product ID: 61
*INFO* 	2016/11/22 - 11:54:35: Image downloaded: https://www.spokojeny-mazlicek.cz/fotky62763/fotos/original/_vyr_5510084119396sdcz.jpg, Size: 4.69K, Time Taken: 0.023062 secs
*INFO* 	2016/11/22 - 11:54:36: Added Product, Name: Prostírání MY PRINCESS - gumová podložka růžová, ID: 62, Reference: 
*INFO* 	2016/11/22 - 11:54:36: Assigning default Category ID: 14, for Product ID: 62
*INFO* 	2016/11/22 - 11:54:36: Image downloaded: https://www.spokojeny-mazlicek.cz/fotky62763/fotos/original/_vyr_5616801127418sdcz.jpg, Size: 2.98K, Time Taken: 0.017719 secs
*INFO* 	2016/11/22 - 11:54:36: Added Product, Name: Prostírání MY PRINCE - gumová podložka šedý proužek, ID: 63, Reference: 
*INFO* 	2016/11/22 - 11:54:36: Assigning default Category ID: 14, for Product ID: 63
*INFO* 	2016/11/22 - 11:54:36: Image downloaded: https://www.spokojeny-mazlicek.cz/fotky62763/fotos/original/_vyr_5716801227419sdcz.jpg, Size: 3.99K, Time Taken: 0.014251 secs
*INFO* 	2016/11/22 - 11:54:36: Added Product, Name: Cool Fresh chladící miska plastová bílo/modrá  1 l/ 20cm, ID: 64, Reference: 
*INFO* 	2016/11/22 - 11:54:36: Assigning default Category ID: 13, for Product ID: 64
*INFO* 	2016/11/22 - 11:54:36: Image downloaded: https://www.spokojeny-mazlicek.cz/fotky62763/fotos/original/_vyr_5820350753432sdcz.jpg, Size: 3.91K, Time Taken: 0.028631 secs
*INFO* 	2016/11/22 - 11:54:36: Added Product, Name: Pelech s dekou KING of Dogs - béžový, ID: 65, Reference: 
*INFO* 	2016/11/22 - 11:54:36: Assigning default Category ID: 7, for Product ID: 65
*INFO* 	2016/11/22 - 11:54:36: Image downloaded: https://www.spokojeny-mazlicek.cz/fotky62763/fotos/original/_vyr_59Kings-of-dog.jpg, Size: 30.76K, Time Taken: 0.030969 secs
*INFO* 	2016/11/22 - 11:54:36: Added Product, Name: Plyšový pelíšek Ovečka Shaun kulatý 50cm - krémový, ID: 66, Reference: 
*INFO* 	2016/11/22 - 11:54:36: Assigning default Category ID: 7, for Product ID: 66
*INFO* 	2016/11/22 - 11:54:36: Image downloaded: https://www.spokojeny-mazlicek.cz/fotky62763/fotos/original/_vyr_60shaun-1.jpg, Size: 55.22K, Time Taken: 0.029679 secs
*INFO* 	2016/11/22 - 11:54:38: Added Product, Name: Podšitá deka BONY kožíšek, tvar kost, krémová/černá - 95x68 cm, ID: 67, Reference: 
*INFO* 	2016/11/22 - 11:54:38: Assigning default Category ID: 7, for Product ID: 67
*INFO* 	2016/11/22 - 11:54:38: Image downloaded: https://www.spokojeny-mazlicek.cz/fotky62763/fotos/original/_vyr_6116942727688sdcz.jpg, Size: 3.58K, Time Taken: 0.018515 secs
*INFO* 	2016/11/22 - 11:54:38: Added Product, Name: MY PRINCESS plyšový pelech růžový - 50x40 cm, ID: 68, Reference: 
*INFO* 	2016/11/22 - 11:54:38: Assigning default Category ID: 7, for Product ID: 68
*INFO* 	2016/11/22 - 11:54:38: Image downloaded: https://www.spokojeny-mazlicek.cz/fotky62763/fotos/original/_vyr_62pelech-princess.jpg, Size: 3.46K, Time Taken: 0.014835 secs
*INFO* 	2016/11/22 - 11:54:38: Added Product, Name: MY PRINCESS plyšová deka růžová - 70x50 cm, ID: 69, Reference: 
*INFO* 	2016/11/22 - 11:54:38: Assigning default Category ID: 7, for Product ID: 69
*INFO* 	2016/11/22 - 11:54:38: Image downloaded: https://www.spokojeny-mazlicek.cz/fotky62763/fotos/original/_vyr_6317099228250sdcz.jpg, Size: 2.81K, Time Taken: 0.033967 secs
*INFO* 	2016/11/22 - 11:54:38: Added Product, Name: Růžová vesta COMO s kapucí, ID: 70, Reference: 
*INFO* 	2016/11/22 - 11:54:38: Assigning default Category ID: 12, for Product ID: 70
*INFO* 	2016/11/22 - 11:54:38: Image downloaded: https://www.spokojeny-mazlicek.cz/fotky62763/fotos/original/_vyr_6466475581cz.jpg, Size: 42.87K, Time Taken: 0.044363 secs
*INFO* 	2016/11/22 - 11:54:39: Added Product, Name: Protiskluzový gel PetEsthé PAW na tlapky pro psy 35 ml, ID: 71, Reference: 
*INFO* 	2016/11/22 - 11:54:39: Assigning default Category ID: 5, for Product ID: 71
*INFO* 	2016/11/22 - 11:54:39: Image downloaded: https://www.spokojeny-mazlicek.cz/fotky62763/fotos/original/_vyr_65paw_ph01.jpg, Size: 14.56K, Time Taken: 0.023716 secs
*INFO* 	2016/11/22 - 11:54:39: Added Product, Name: Hydratační gel na tlapky PetEsthé, ID: 72, Reference: 
*INFO* 	2016/11/22 - 11:54:39: Assigning default Category ID: 5, for Product ID: 72
*INFO* 	2016/11/22 - 11:54:39: Image downloaded: https://www.spokojeny-mazlicek.cz/fotky62763/fotos/original/_vyr_66paw_zelena.jpg, Size: 43.79K, Time Taken: 0.025255 secs
*INFO* 	2016/11/22 - 11:54:39: Added Product, Name: AMÉLIE DE LUXE, ID: 73, Reference: 
*INFO* 	2016/11/22 - 11:54:39: Assigning default Category ID: 7, for Product ID: 73
*INFO* 	2016/11/22 - 11:54:39: Image downloaded: https://www.spokojeny-mazlicek.cz/fotky62763/fotos/original/_vyr_67ameliedlA52-260x195.jpg, Size: 9.59K, Time Taken: 0.018727 secs
*INFO* 	2016/11/22 - 11:54:40: Added Product, Name: AFRODITHE, ID: 74, Reference: 
*INFO* 	2016/11/22 - 11:54:40: Assigning default Category ID: 7, for Product ID: 74
*INFO* 	2016/11/22 - 11:54:40: Image downloaded: https://www.spokojeny-mazlicek.cz/fotky62763/fotos/original/_vyr_68_vyr_afrodithe-model2.jpg, Size: 242.79K, Time Taken: 0.031227 secs
*INFO* 	2016/11/22 - 11:54:42: Added Product, Name: Domeček IGLÚ, ID: 75, Reference: 
*INFO* 	2016/11/22 - 11:54:42: Assigning default Category ID: 7, for Product ID: 75
*INFO* 	2016/11/22 - 11:54:42: Image downloaded: https://www.spokojeny-mazlicek.cz/fotky62763/fotos/original/_vyr_69iglu-model.jpg, Size: 83.49K, Time Taken: 0.021168 secs
*INFO* 	2016/11/22 - 11:54:42: Added Product, Name: Kombinéza Softshell dvoubarevná, ID: 76, Reference: 
*INFO* 	2016/11/22 - 11:54:42: Assigning default Category ID: 12, for Product ID: 76
*INFO* 	2016/11/22 - 11:54:42: Image downloaded: https://www.spokojeny-mazlicek.cz/fotky62763/fotos/original/_vyr_70_vyrp12_386KSD001-model1.jpg, Size: 135.48K, Time Taken: 0.041025 secs
*INFO* 	2016/11/22 - 11:54:43: Added Product, Name: Kombinéza SKI, ID: 77, Reference: 
*INFO* 	2016/11/22 - 11:54:43: Assigning default Category ID: 12, for Product ID: 77
*INFO* 	2016/11/22 - 11:54:44: Image downloaded: https://www.spokojeny-mazlicek.cz/fotky62763/fotos/original/_vyr_71KSK-260x195.jpg, Size: 6.07K, Time Taken: 0.020586 secs
*INFO* 	2016/11/22 - 11:54:44: Added Product, Name: Bunda SKI, ID: 78, Reference: 
*INFO* 	2016/11/22 - 11:54:44: Assigning default Category ID: 12, for Product ID: 78
*INFO* 	2016/11/22 - 11:54:44: Image downloaded: https://www.spokojeny-mazlicek.cz/fotky62763/fotos/_vyr_72novy.jpg, Size: 447.25K, Time Taken: 0.02343 secs
*INFO* 	2016/11/22 - 11:54:46: Added Product, Name: CUBE, ID: 79, Reference: 
*INFO* 	2016/11/22 - 11:54:46: Assigning default Category ID: 7, for Product ID: 79
*INFO* 	2016/11/22 - 11:54:46: Image downloaded: https://www.spokojeny-mazlicek.cz/fotky62763/fotos/original/_vyr_73sedy.jpg, Size: 56.89K, Time Taken: 0.024244 secs
*INFO* 	2016/11/22 - 11:54:47: Added Product, Name: Matrace ELEGANCE, ID: 80, Reference: 
*INFO* 	2016/11/22 - 11:54:47: Assigning default Category ID: 7, for Product ID: 80
*INFO* 	2016/11/22 - 11:54:47: Image downloaded: https://www.spokojeny-mazlicek.cz/fotky62763/fotos/_vyr_74_vyr_matraceelegance-model.jpg, Size: 669.68K, Time Taken: 0.101321 secs
*INFO* 	2016/11/22 - 11:54:50: Added Product, Name: ROYAL, ID: 81, Reference: 
*INFO* 	2016/11/22 - 11:54:50: Assigning default Category ID: 7, for Product ID: 81
*INFO* 	2016/11/22 - 11:54:50: Image downloaded: https://www.spokojeny-mazlicek.cz/fotky62763/fotos/original/_vyr_75royal-m.jpg, Size: 5.57K, Time Taken: 0.022486 secs
*INFO* 	2016/11/22 - 11:54:50: Added Product, Name: EXCLUSIVE, ID: 82, Reference: 
*INFO* 	2016/11/22 - 11:54:50: Assigning default Category ID: 7, for Product ID: 82
*INFO* 	2016/11/22 - 11:54:50: Image downloaded: https://www.spokojeny-mazlicek.cz/fotky62763/fotos/original/_vyr_76exclus-m.jpg, Size: 5.46K, Time Taken: 0.009201 secs
*INFO* 	2016/11/22 - 11:54:50: Updated 0 and Added 75 Products
*INFO* 	2016/11/22 - 11:54:51: Import finished, running cleanup tasks.
*INFO* 	2016/11/22 - 11:54:51: Regenerating Category Tree..
