*INFO* 	2016/11/22 - 11:57:15: Import Starting
*INFO* 	2016/11/22 - 11:57:15: Importing Products 1 to 75 of 75
*INFO* 	2016/11/22 - 11:57:16: Added Product, Name: Šampon PetEsthé pro krátkosrsté psy a se střednědlouhou srstí, ID: 83, Reference: 
*INFO* 	2016/11/22 - 11:57:16: Created Category: Šampony
*INFO* 	2016/11/22 - 11:57:16: Assigning default Category ID: 3, for Product ID: 83
*INFO* 	2016/11/22 - 11:57:16: Image downloaded: https://www.spokojeny-mazlicek.cz/fotky62763/fotos/original/_vyr_1sampony_pro_psy_petesthe_2.jpg, Size: 6.20K, Time Taken: 0.018005 secs
*INFO* 	2016/11/22 - 11:57:16: Added Product, Name: Šampon PetEsthé pro dlouhosrsté psy, ID: 84, Reference: 
*INFO* 	2016/11/22 - 11:57:16: Assigning default Category ID: 3, for Product ID: 84
*INFO* 	2016/11/22 - 11:57:16: Image downloaded: https://www.spokojeny-mazlicek.cz/fotky62763/fotos/original/_vyr_2sampony_pro_psy_petesthe_1.jpg, Size: 5.99K, Time Taken: 0.024755 secs
*INFO* 	2016/11/22 - 11:57:16: Added Product, Name: Šampon PetEsthé pro psy s bílou srstí, ID: 85, Reference: 
*INFO* 	2016/11/22 - 11:57:16: Assigning default Category ID: 3, for Product ID: 85
*INFO* 	2016/11/22 - 11:57:16: Image downloaded: https://www.spokojeny-mazlicek.cz/fotky62763/fotos/original/_vyr_3sampony_pro_psy_petesthe_4.jpg, Size: 6.35K, Time Taken: 0.013181 secs
*INFO* 	2016/11/22 - 11:57:16: Added Product, Name: Šampon PetEsthé pro štěňata, ID: 86, Reference: 
*INFO* 	2016/11/22 - 11:57:16: Assigning default Category ID: 3, for Product ID: 86
*INFO* 	2016/11/22 - 11:57:16: Image downloaded: https://www.spokojeny-mazlicek.cz/fotky62763/fotos/original/_vyr_4stene.jpg, Size: 6.37K, Time Taken: 0.017372 secs
*INFO* 	2016/11/22 - 11:57:16: Added Product, Name: Šampon PetEsthé Charcoal s výtažkem dřevěného uhlí, ID: 87, Reference: 
*INFO* 	2016/11/22 - 11:57:16: Assigning default Category ID: 3, for Product ID: 87
*INFO* 	2016/11/22 - 11:57:16: Image downloaded: https://www.spokojeny-mazlicek.cz/fotky62763/fotos/original/_vyr_5sampony_pro_psy_petesthe_6.jpg, Size: 12.59K, Time Taken: 0.020839 secs
*INFO* 	2016/11/22 - 11:57:17: Added Product, Name: Bahenní šampon pro všechna plemena  350ml, ID: 88, Reference: 
*INFO* 	2016/11/22 - 11:57:17: Assigning default Category ID: 3, for Product ID: 88
*INFO* 	2016/11/22 - 11:57:17: Image downloaded: https://www.spokojeny-mazlicek.cz/fotky62763/fotos/original/_vyr_6kosmetika_pro_psy_petesthe_1--1.jpg, Size: 6.56K, Time Taken: 0.017658 secs
*INFO* 	2016/11/22 - 11:57:17: Added Product, Name: Bahenní šampon pro psy s bílou srstí  350ml, ID: 89, Reference: 
*INFO* 	2016/11/22 - 11:57:17: Assigning default Category ID: 3, for Product ID: 89
*INFO* 	2016/11/22 - 11:57:17: Image downloaded: https://www.spokojeny-mazlicek.cz/fotky62763/fotos/original/_vyr_7kosmetika_pro_psy_petesthe_2.jpg, Size: 7.06K, Time Taken: 0.019219 secs
*INFO* 	2016/11/22 - 11:57:17: Added Product, Name: Bahenní šampon pro štěňata  350ml, ID: 90, Reference: 
*INFO* 	2016/11/22 - 11:57:17: Assigning default Category ID: 3, for Product ID: 90
*INFO* 	2016/11/22 - 11:57:17: Image downloaded: https://www.spokojeny-mazlicek.cz/fotky62763/fotos/original/_vyr_8kosmetika_pro_psy_petesthe_3.jpg, Size: 7.01K, Time Taken: 0.056196 secs
*INFO* 	2016/11/22 - 11:57:17: Added Product, Name: Bahenní šampon pro psí seniory  350ml, ID: 91, Reference: 
*INFO* 	2016/11/22 - 11:57:17: Assigning default Category ID: 3, for Product ID: 91
*INFO* 	2016/11/22 - 11:57:17: Image downloaded: https://www.spokojeny-mazlicek.cz/fotky62763/fotos/original/_vyr_9kosmetika_pro_psy_petesthe_8.jpg, Size: 5.06K, Time Taken: 0.009133 secs
*INFO* 	2016/11/22 - 11:57:17: Added Product, Name: Bahenní šampon pro kočky  350ml, ID: 92, Reference: 
*INFO* 	2016/11/22 - 11:57:17: Assigning default Category ID: 3, for Product ID: 92
*INFO* 	2016/11/22 - 11:57:17: Image downloaded: https://www.spokojeny-mazlicek.cz/fotky62763/fotos/original/_vyr_10kosmetika_pro_psy_petesthe_4.jpg, Size: 6.57K, Time Taken: 0.010698 secs
*INFO* 	2016/11/22 - 11:57:18: Added Product, Name: Bahenní kondicionér pro zvětšení objemu  350ml, ID: 93, Reference: 
*INFO* 	2016/11/22 - 11:57:18: Created Category: Kondicionéry
*INFO* 	2016/11/22 - 11:57:18: Assigning default Category ID: 4, for Product ID: 93
*INFO* 	2016/11/22 - 11:57:18: Image downloaded: https://www.spokojeny-mazlicek.cz/fotky62763/fotos/original/_vyr_11kosmetika_pro_psy_petesthe_5.jpg, Size: 5.84K, Time Taken: 0.010212 secs
*INFO* 	2016/11/22 - 11:57:18: Added Product, Name: Bahenní kondicionér pro zmenšení objemu  350ml, ID: 94, Reference: 
*INFO* 	2016/11/22 - 11:57:18: Assigning default Category ID: 4, for Product ID: 94
*INFO* 	2016/11/22 - 11:57:18: Image downloaded: https://www.spokojeny-mazlicek.cz/fotky62763/fotos/original/_vyr_12kosmetika_pro_psy_petesthe_5.jpg, Size: 6.13K, Time Taken: 0.010491 secs
*INFO* 	2016/11/22 - 11:57:18: Added Product, Name: Bahenní kondicionér  pro psí seniory  250ml, ID: 95, Reference: 
*INFO* 	2016/11/22 - 11:57:18: Assigning default Category ID: 4, for Product ID: 95
*INFO* 	2016/11/22 - 11:57:18: Image downloaded: https://www.spokojeny-mazlicek.cz/fotky62763/fotos/original/_vyr_13kondi.jpg, Size: 12.67K, Time Taken: 0.0115 secs
*INFO* 	2016/11/22 - 11:57:18: Added Product, Name: Bahenní kondicionér univerzální (pro všechna plemena), ID: 96, Reference: 
*INFO* 	2016/11/22 - 11:57:18: Assigning default Category ID: 4, for Product ID: 96
*INFO* 	2016/11/22 - 11:57:18: Image downloaded: https://www.spokojeny-mazlicek.cz/fotky62763/fotos/original/_vyr_14spa-kond.jpg, Size: 37.92K, Time Taken: 0.026735 secs
*INFO* 	2016/11/22 - 11:57:18: Added Product, Name: Kondicionér pro psy a kočky, ID: 97, Reference: 
*INFO* 	2016/11/22 - 11:57:18: Assigning default Category ID: 4, for Product ID: 97
*INFO* 	2016/11/22 - 11:57:18: Image downloaded: https://www.spokojeny-mazlicek.cz/fotky62763/fotos/original/_vyr_16sampony_pro_psy_petesthe_5.jpg, Size: 6.00K, Time Taken: 0.01578 secs
*INFO* 	2016/11/22 - 11:57:18: Added Product, Name: PRE UP finální gel na zvětšení objemu srsti 170ml, ID: 98, Reference: 
*INFO* 	2016/11/22 - 11:57:18: Created Category: Speciální přípravky
*INFO* 	2016/11/22 - 11:57:18: Assigning default Category ID: 5, for Product ID: 98
*INFO* 	2016/11/22 - 11:57:19: Image downloaded: https://www.spokojeny-mazlicek.cz/fotky62763/fotos/original/_vyr_17112-large_default.jpg, Size: 15.45K, Time Taken: 0.021506 secs
*INFO* 	2016/11/22 - 11:57:19: Added Product, Name: PRE DOWN finální gel na zmenšení objemu srsti 170ml, ID: 99, Reference: 
*INFO* 	2016/11/22 - 11:57:19: Assigning default Category ID: 5, for Product ID: 99
*INFO* 	2016/11/22 - 11:57:19: Image downloaded: https://www.spokojeny-mazlicek.cz/fotky62763/fotos/original/_vyr_18113-large_default.jpg, Size: 15.44K, Time Taken: 0.011079 secs
*INFO* 	2016/11/22 - 11:57:19: Added Product, Name: Bezoplachový šampon - pěna  180ml, ID: 100, Reference: 
*INFO* 	2016/11/22 - 11:57:19: Assigning default Category ID: 5, for Product ID: 100
*INFO* 	2016/11/22 - 11:57:19: Image downloaded: https://www.spokojeny-mazlicek.cz/fotky62763/fotos/original/_vyr_19116-large_default.jpg, Size: 5.20K, Time Taken: 0.009735 secs
*INFO* 	2016/11/22 - 11:57:19: Added Product, Name: Přípravek k odstranění cucků a knotů v srsti 140ml, ID: 101, Reference: 
*INFO* 	2016/11/22 - 11:57:19: Assigning default Category ID: 5, for Product ID: 101
*INFO* 	2016/11/22 - 11:57:19: Image downloaded: https://www.spokojeny-mazlicek.cz/fotky62763/fotos/original/_vyr_20115-large_default.jpg, Size: 16.68K, Time Taken: 0.011213 secs
*INFO* 	2016/11/22 - 11:57:19: Added Product, Name: PetEsthé Aromakoupel - růže  15g, ID: 102, Reference: 
*INFO* 	2016/11/22 - 11:57:19: Created Category: Aroma koupele PetEsthé
*INFO* 	2016/11/22 - 11:57:19: Assigning default Category ID: 6, for Product ID: 102
*INFO* 	2016/11/22 - 11:57:20: Image downloaded: https://www.spokojeny-mazlicek.cz/fotky62763/fotos/original/_vyr_2165-large_default.jpg, Size: 9.66K, Time Taken: 0.021477 secs
*INFO* 	2016/11/22 - 11:57:20: Added Product, Name: PetEsthé Aromakoupel - heřmánek  15g, ID: 103, Reference: 
*INFO* 	2016/11/22 - 11:57:20: Assigning default Category ID: 6, for Product ID: 103
*INFO* 	2016/11/22 - 11:57:20: Image downloaded: https://www.spokojeny-mazlicek.cz/fotky62763/fotos/original/_vyr_2266-large_default.jpg, Size: 9.49K, Time Taken: 0.02111 secs
*INFO* 	2016/11/22 - 11:57:20: Added Product, Name: PetEsthé Aromakoupel - levandule  15g, ID: 104, Reference: 
*INFO* 	2016/11/22 - 11:57:20: Assigning default Category ID: 6, for Product ID: 104
*INFO* 	2016/11/22 - 11:57:20: Image downloaded: https://www.spokojeny-mazlicek.cz/fotky62763/fotos/original/_vyr_2365-large_default.jpg, Size: 9.66K, Time Taken: 0.02024 secs
*INFO* 	2016/11/22 - 11:57:20: Added Product, Name: PetEsthé Aromakoupel -vanilka a kokos  15g, ID: 105, Reference: 
*INFO* 	2016/11/22 - 11:57:20: Assigning default Category ID: 6, for Product ID: 105
*INFO* 	2016/11/22 - 11:57:20: Image downloaded: https://www.spokojeny-mazlicek.cz/fotky62763/fotos/original/_vyr_2468-large_default.jpg, Size: 9.92K, Time Taken: 0.014774 secs
*INFO* 	2016/11/22 - 11:57:20: Added Product, Name: PetEsthé Aromakoupel - máta a rozmarýn  15g, ID: 106, Reference: 
*INFO* 	2016/11/22 - 11:57:20: Assigning default Category ID: 6, for Product ID: 106
*INFO* 	2016/11/22 - 11:57:20: Image downloaded: https://www.spokojeny-mazlicek.cz/fotky62763/fotos/original/_vyr_2565-large_default.jpg, Size: 9.45K, Time Taken: 0.016531 secs
*INFO* 	2016/11/22 - 11:57:21: Added Product, Name: PetEsthé Aromakoupel - sléz 15g, ID: 107, Reference: 
*INFO* 	2016/11/22 - 11:57:21: Assigning default Category ID: 6, for Product ID: 107
*INFO* 	2016/11/22 - 11:57:21: Image downloaded: https://www.spokojeny-mazlicek.cz/fotky62763/fotos/original/_vyr_2665-large_default.jpg, Size: 9.91K, Time Taken: 0.009009 secs
*INFO* 	2016/11/22 - 11:57:21: Added Product, Name: Bouda Elegance, ID: 108, Reference: 
*INFO* 	2016/11/22 - 11:57:21: Created Category: Pelíšky pro psy a kočky
*INFO* 	2016/11/22 - 11:57:21: Assigning default Category ID: 7, for Product ID: 108
*INFO* 	2016/11/22 - 11:57:21: Image downloaded: https://www.spokojeny-mazlicek.cz/fotky62763/fotos/original/_vyr_27boudaeleganceD96-260x195.jpg, Size: 4.43K, Time Taken: 0.020388 secs
*INFO* 	2016/11/22 - 11:57:21: Added Product, Name: IGLÚ DOTTY, ID: 109, Reference: 
*INFO* 	2016/11/22 - 11:57:21: Assigning default Category ID: 7, for Product ID: 109
*INFO* 	2016/11/22 - 11:57:21: Image downloaded: https://www.spokojeny-mazlicek.cz/fotky62763/fotos/original/_vyr_28igludotty-detail1-260x195.jpg, Size: 7.45K, Time Taken: 0.024846 secs
*INFO* 	2016/11/22 - 11:57:21: Added Product, Name: Bouda DOTTY, ID: 110, Reference: 
*INFO* 	2016/11/22 - 11:57:21: Assigning default Category ID: 7, for Product ID: 110
*INFO* 	2016/11/22 - 11:57:21: Image downloaded: https://www.spokojeny-mazlicek.cz/fotky62763/fotos/original/_vyr_29boudadotty-detail-120x90.jpg, Size: 2.41K, Time Taken: 0.010523 secs
*INFO* 	2016/11/22 - 11:57:21: Added Product, Name: ARMANI DE LUXE, ID: 111, Reference: 
*INFO* 	2016/11/22 - 11:57:21: Assigning default Category ID: 7, for Product ID: 111
*INFO* 	2016/11/22 - 11:57:22: Image downloaded: https://www.spokojeny-mazlicek.cz/fotky62763/fotos/original/_vyr_30armanideluxe_zebra-260x195.jpg, Size: 7.47K, Time Taken: 0.010941 secs
*INFO* 	2016/11/22 - 11:57:22: Added Product, Name: SUPER DOTTY, ID: 112, Reference: 
*INFO* 	2016/11/22 - 11:57:22: Assigning default Category ID: 7, for Product ID: 112
*INFO* 	2016/11/22 - 11:57:22: Image downloaded: https://www.spokojeny-mazlicek.cz/fotky62763/fotos/original/_vyr_31superdottyD100-260x195.jpg, Size: 6.94K, Time Taken: 0.012125 secs
*INFO* 	2016/11/22 - 11:57:22: Added Product, Name: Ortopedická matrace, ID: 113, Reference: 
*INFO* 	2016/11/22 - 11:57:22: Assigning default Category ID: 7, for Product ID: 113
*INFO* 	2016/11/22 - 11:57:22: Image downloaded: https://www.spokojeny-mazlicek.cz/fotky62763/fotos/original/_vyr_32ortmatD00b-120x90.jpg, Size: 2.49K, Time Taken: 0.017928 secs
*INFO* 	2016/11/22 - 11:57:22: Added Product, Name: Ortopedická matrace DE LUXE, ID: 114, Reference: 
*INFO* 	2016/11/22 - 11:57:22: Assigning default Category ID: 7, for Product ID: 114
*INFO* 	2016/11/22 - 11:57:22: Image downloaded: https://www.spokojeny-mazlicek.cz/fotky62763/fotos/original/_vyr_33ortmatdeluxe_00a-120x90.jpg, Size: 2.88K, Time Taken: 0.013422 secs
*INFO* 	2016/11/22 - 11:57:22: Added Product, Name: Podložka do přepravky/klece, ID: 115, Reference: 
*INFO* 	2016/11/22 - 11:57:22: Created Category: Podložky do přepravek
*INFO* 	2016/11/22 - 11:57:22: Assigning default Category ID: 8, for Product ID: 115
*INFO* 	2016/11/22 - 11:57:22: Image downloaded: https://www.spokojeny-mazlicek.cz/fotky62763/fotos/original/_vyr_34podlozkaA17-260x195.jpg, Size: 4.24K, Time Taken: 0.016068 secs
*INFO* 	2016/11/22 - 11:57:22: Added Product, Name: Taška MARILYN, ID: 116, Reference: 
*INFO* 	2016/11/22 - 11:57:22: Created Category: Tašky
*INFO* 	2016/11/22 - 11:57:22: Assigning default Category ID: 9, for Product ID: 116
*INFO* 	2016/11/22 - 11:57:22: Image downloaded: https://www.spokojeny-mazlicek.cz/fotky62763/fotos/original/_vyr_35marilyn-cerna-detail2-120x90.jpg, Size: 4.36K, Time Taken: 0.017742 secs
*INFO* 	2016/11/22 - 11:57:23: Added Product, Name: Obojek COMFORT, ID: 117, Reference: 
*INFO* 	2016/11/22 - 11:57:23: Created Category: Obojky a kšíry
*INFO* 	2016/11/22 - 11:57:23: Assigning default Category ID: 10, for Product ID: 117
*INFO* 	2016/11/22 - 11:57:23: Image downloaded: https://www.spokojeny-mazlicek.cz/fotky62763/fotos/original/_vyr_36obojek-comfort-260x195.jpg, Size: 9.25K, Time Taken: 0.011139 secs
*INFO* 	2016/11/22 - 11:57:23: Added Product, Name: Vodítko COMFORT, ID: 118, Reference: 
*INFO* 	2016/11/22 - 11:57:23: Created Category: Vodítka
*INFO* 	2016/11/22 - 11:57:23: Assigning default Category ID: 11, for Product ID: 118
*INFO* 	2016/11/22 - 11:57:23: Image downloaded: https://www.spokojeny-mazlicek.cz/fotky62763/fotos/original/_vyr_37voditko-comfort-260x195.jpg, Size: 9.86K, Time Taken: 0.014461 secs
*INFO* 	2016/11/22 - 11:57:23: Added Product, Name: Bunda FLUFFY, ID: 119, Reference: 
*INFO* 	2016/11/22 - 11:57:23: Created Category: Oblečky
*INFO* 	2016/11/22 - 11:57:23: Assigning default Category ID: 12, for Product ID: 119
*INFO* 	2016/11/22 - 11:57:23: Image downloaded: https://www.spokojeny-mazlicek.cz/fotky62763/fotos/original/_vyr_38BFL004-model1-120x90.jpg, Size: 1.87K, Time Taken: 0.019472 secs
*INFO* 	2016/11/22 - 11:57:23: Added Product, Name: Kšíry pro psy, ID: 120, Reference: 
*INFO* 	2016/11/22 - 11:57:23: Assigning default Category ID: 10, for Product ID: 120
*INFO* 	2016/11/22 - 11:57:23: Image downloaded: https://www.spokojeny-mazlicek.cz/fotky62763/fotos/original/_vyr_39KSR003-model-120x90.jpg, Size: 1.50K, Time Taken: 0.026495 secs
*INFO* 	2016/11/22 - 11:57:23: Added Product, Name: Kondicionér Charcoal s výtažkem dřevěného uhlí, ID: 121, Reference: 
*INFO* 	2016/11/22 - 11:57:23: Assigning default Category ID: 4, for Product ID: 121
*INFO* 	2016/11/22 - 11:57:23: Image downloaded: https://www.spokojeny-mazlicek.cz/fotky62763/fotos/original/_vyr_40kond.jpg, Size: 10.66K, Time Taken: 0.012025 secs
*INFO* 	2016/11/22 - 11:57:24: Added Product, Name: SPA lázeňský super bělící šampon, ID: 122, Reference: 
*INFO* 	2016/11/22 - 11:57:24: Assigning default Category ID: 0, for Product ID: 122
*INFO* 	2016/11/22 - 11:57:24: Image downloaded: https://www.spokojeny-mazlicek.cz/fotky62763/fotos/original/_vyr_41spa-belici.jpg, Size: 42.26K, Time Taken: 0.012987 secs
*INFO* 	2016/11/22 - 11:57:24: Added Product, Name: SPA lázeňský univerzální šampon, ID: 123, Reference: 
*INFO* 	2016/11/22 - 11:57:24: Assigning default Category ID: 0, for Product ID: 123
*INFO* 	2016/11/22 - 11:57:24: Image downloaded: https://www.spokojeny-mazlicek.cz/fotky62763/fotos/original/_vyr_42spa-univerzal.jpg, Size: 42.50K, Time Taken: 0.016534 secs
*INFO* 	2016/11/22 - 11:57:24: Added Product, Name: DOG PRINCESS - keramická miska růžová, ID: 124, Reference: 
*INFO* 	2016/11/22 - 11:57:24: Created Category: Misky
*INFO* 	2016/11/22 - 11:57:24: Assigning default Category ID: 13, for Product ID: 124
*INFO* 	2016/11/22 - 11:57:24: Image downloaded: https://www.spokojeny-mazlicek.cz/fotky62763/fotos/original/_vyr_43168007afcz.jpg, Size: 31.61K, Time Taken: 0.013483 secs
*INFO* 	2016/11/22 - 11:57:24: Added Product, Name: DOG PRINCE - keramická miska šedo-bílá, ID: 125, Reference: 
*INFO* 	2016/11/22 - 11:57:24: Assigning default Category ID: 13, for Product ID: 125
*INFO* 	2016/11/22 - 11:57:24: Image downloaded: https://www.spokojeny-mazlicek.cz/fotky62763/fotos/original/_vyr_44168008afcz.jpg, Size: 34.27K, Time Taken: 0.015983 secs
*INFO* 	2016/11/22 - 11:57:25: Added Product, Name: MY PRINCESS - růžová, ID: 126, Reference: 
*INFO* 	2016/11/22 - 11:57:25: Assigning default Category ID: 13, for Product ID: 126
*INFO* 	2016/11/22 - 11:57:25: Image downloaded: https://www.spokojeny-mazlicek.cz/fotky62763/fotos/original/_vyr_45nerez.jpg, Size: 46.20K, Time Taken: 0.015973 secs
*INFO* 	2016/11/22 - 11:57:25: Added Product, Name: MY PRINCE - šedo/bílá, ID: 127, Reference: 
*INFO* 	2016/11/22 - 11:57:25: Assigning default Category ID: 13, for Product ID: 127
*INFO* 	2016/11/22 - 11:57:25: Image downloaded: https://www.spokojeny-mazlicek.cz/fotky62763/fotos/original/_vyr_46196301bfcz.jpg, Size: 37.18K, Time Taken: 0.013409 secs
*INFO* 	2016/11/22 - 11:57:25: Added Product, Name: KING of DOGS - keramická miska zkosená (černá), ID: 128, Reference: 
*INFO* 	2016/11/22 - 11:57:25: Assigning default Category ID: 13, for Product ID: 128
*INFO* 	2016/11/22 - 11:57:25: Image downloaded: https://www.spokojeny-mazlicek.cz/fotky62763/fotos/original/_vyr_47168009afcz.jpg, Size: 58.03K, Time Taken: 0.023613 secs
*INFO* 	2016/11/22 - 11:57:26: Added Product, Name: KING of DOGS - keramická miska zkosená (bílá), ID: 129, Reference: 
*INFO* 	2016/11/22 - 11:57:26: Assigning default Category ID: 13, for Product ID: 129
*INFO* 	2016/11/22 - 11:57:26: Image downloaded: https://www.spokojeny-mazlicek.cz/fotky62763/fotos/original/_vyr_48168009cfcz.jpg, Size: 38.32K, Time Taken: 0.011482 secs
*INFO* 	2016/11/22 - 11:57:26: Added Product, Name: Set keramických misek se stojánkem, ID: 130, Reference: 
*INFO* 	2016/11/22 - 11:57:26: Assigning default Category ID: 13, for Product ID: 130
*INFO* 	2016/11/22 - 11:57:26: Image downloaded: https://www.spokojeny-mazlicek.cz/fotky62763/fotos/original/_vyr_4920.jpg, Size: 37.44K, Time Taken: 0.017662 secs
*INFO* 	2016/11/22 - 11:57:26: Added Product, Name: Lovely DOG - miska těžká plastová - modrá, ID: 131, Reference: 
*INFO* 	2016/11/22 - 11:57:26: Assigning default Category ID: 13, for Product ID: 131
*INFO* 	2016/11/22 - 11:57:26: Image downloaded: https://www.spokojeny-mazlicek.cz/fotky62763/fotos/original/_vyr_5020350853433sdcz.jpg, Size: 5.69K, Time Taken: 0.012007 secs
*INFO* 	2016/11/22 - 11:57:26: Added Product, Name: Lovely DOG - miska těžká plastová - růžová, ID: 132, Reference: 
*INFO* 	2016/11/22 - 11:57:26: Assigning default Category ID: 13, for Product ID: 132
*INFO* 	2016/11/22 - 11:57:26: Image downloaded: https://www.spokojeny-mazlicek.cz/fotky62763/fotos/original/_vyr_51203508afcz.jpg, Size: 38.05K, Time Taken: 0.018246 secs
*INFO* 	2016/11/22 - 11:57:27: Added Product, Name: Prostíraní pod misku silikonové - tvar kost (modré), ID: 133, Reference: 
*INFO* 	2016/11/22 - 11:57:27: Created Category: Prostírání pod misky
*INFO* 	2016/11/22 - 11:57:27: Assigning default Category ID: 14, for Product ID: 133
*INFO* 	2016/11/22 - 11:57:27: Image downloaded: https://www.spokojeny-mazlicek.cz/fotky62763/fotos/original/_vyr_5219631051293sdcz.jpg, Size: 2.93K, Time Taken: 0.015919 secs
*INFO* 	2016/11/22 - 11:57:27: Added Product, Name: Prostírání pod misku silikonové - tvar kost (červené), ID: 134, Reference: 
*INFO* 	2016/11/22 - 11:57:27: Assigning default Category ID: 14, for Product ID: 134
*INFO* 	2016/11/22 - 11:57:27: Image downloaded: https://www.spokojeny-mazlicek.cz/fotky62763/fotos/original/_vyr_53196310asfcz--1.jpg, Size: 1.88K, Time Taken: 0.016972 secs
*INFO* 	2016/11/22 - 11:57:27: Added Product, Name: Prostírání - gumová podložka po misky ROYAL - bílá, ID: 135, Reference: 
*INFO* 	2016/11/22 - 11:57:27: Assigning default Category ID: 14, for Product ID: 135
*INFO* 	2016/11/22 - 11:57:27: Image downloaded: https://www.spokojeny-mazlicek.cz/fotky62763/fotos/original/_vyr_5420204652825sdcz.jpg, Size: 4.33K, Time Taken: 0.011268 secs
*INFO* 	2016/11/22 - 11:57:27: Added Product, Name: Prostírání - gumová podložka po misku ROYAL - černá, ID: 136, Reference: 
*INFO* 	2016/11/22 - 11:57:27: Assigning default Category ID: 14, for Product ID: 136
*INFO* 	2016/11/22 - 11:57:27: Image downloaded: https://www.spokojeny-mazlicek.cz/fotky62763/fotos/original/_vyr_5510084119396sdcz.jpg, Size: 4.69K, Time Taken: 0.019718 secs
*INFO* 	2016/11/22 - 11:57:27: Added Product, Name: Prostírání MY PRINCESS - gumová podložka růžová, ID: 137, Reference: 
*INFO* 	2016/11/22 - 11:57:27: Assigning default Category ID: 14, for Product ID: 137
*INFO* 	2016/11/22 - 11:57:27: Image downloaded: https://www.spokojeny-mazlicek.cz/fotky62763/fotos/original/_vyr_5616801127418sdcz.jpg, Size: 2.98K, Time Taken: 0.010721 secs
*INFO* 	2016/11/22 - 11:57:28: Added Product, Name: Prostírání MY PRINCE - gumová podložka šedý proužek, ID: 138, Reference: 
*INFO* 	2016/11/22 - 11:57:28: Assigning default Category ID: 14, for Product ID: 138
*INFO* 	2016/11/22 - 11:57:28: Image downloaded: https://www.spokojeny-mazlicek.cz/fotky62763/fotos/original/_vyr_5716801227419sdcz.jpg, Size: 3.99K, Time Taken: 0.01002 secs
*INFO* 	2016/11/22 - 11:57:28: Added Product, Name: Cool Fresh chladící miska plastová bílo/modrá  1 l/ 20cm, ID: 139, Reference: 
*INFO* 	2016/11/22 - 11:57:28: Assigning default Category ID: 13, for Product ID: 139
*INFO* 	2016/11/22 - 11:57:28: Image downloaded: https://www.spokojeny-mazlicek.cz/fotky62763/fotos/original/_vyr_5820350753432sdcz.jpg, Size: 3.91K, Time Taken: 0.010977 secs
*INFO* 	2016/11/22 - 11:57:28: Added Product, Name: Pelech s dekou KING of Dogs - béžový, ID: 140, Reference: 
*INFO* 	2016/11/22 - 11:57:28: Assigning default Category ID: 7, for Product ID: 140
*INFO* 	2016/11/22 - 11:57:28: Image downloaded: https://www.spokojeny-mazlicek.cz/fotky62763/fotos/original/_vyr_59Kings-of-dog.jpg, Size: 30.76K, Time Taken: 0.018021 secs
*INFO* 	2016/11/22 - 11:57:28: Added Product, Name: Plyšový pelíšek Ovečka Shaun kulatý 50cm - krémový, ID: 141, Reference: 
*INFO* 	2016/11/22 - 11:57:28: Assigning default Category ID: 7, for Product ID: 141
*INFO* 	2016/11/22 - 11:57:28: Image downloaded: https://www.spokojeny-mazlicek.cz/fotky62763/fotos/original/_vyr_60shaun-1.jpg, Size: 55.22K, Time Taken: 0.018554 secs
*INFO* 	2016/11/22 - 11:57:29: Added Product, Name: Podšitá deka BONY kožíšek, tvar kost, krémová/černá - 95x68 cm, ID: 142, Reference: 
*INFO* 	2016/11/22 - 11:57:29: Assigning default Category ID: 7, for Product ID: 142
*INFO* 	2016/11/22 - 11:57:29: Image downloaded: https://www.spokojeny-mazlicek.cz/fotky62763/fotos/original/_vyr_6116942727688sdcz.jpg, Size: 3.58K, Time Taken: 0.018931 secs
*INFO* 	2016/11/22 - 11:57:29: Added Product, Name: MY PRINCESS plyšový pelech růžový - 50x40 cm, ID: 143, Reference: 
*INFO* 	2016/11/22 - 11:57:29: Assigning default Category ID: 7, for Product ID: 143
*INFO* 	2016/11/22 - 11:57:29: Image downloaded: https://www.spokojeny-mazlicek.cz/fotky62763/fotos/original/_vyr_62pelech-princess.jpg, Size: 3.46K, Time Taken: 0.012862 secs
*INFO* 	2016/11/22 - 11:57:29: Added Product, Name: MY PRINCESS plyšová deka růžová - 70x50 cm, ID: 144, Reference: 
*INFO* 	2016/11/22 - 11:57:29: Assigning default Category ID: 7, for Product ID: 144
*INFO* 	2016/11/22 - 11:57:29: Image downloaded: https://www.spokojeny-mazlicek.cz/fotky62763/fotos/original/_vyr_6317099228250sdcz.jpg, Size: 2.81K, Time Taken: 0.016221 secs
*INFO* 	2016/11/22 - 11:57:29: Added Product, Name: Růžová vesta COMO s kapucí, ID: 145, Reference: 
*INFO* 	2016/11/22 - 11:57:29: Assigning default Category ID: 12, for Product ID: 145
*INFO* 	2016/11/22 - 11:57:29: Image downloaded: https://www.spokojeny-mazlicek.cz/fotky62763/fotos/original/_vyr_6466475581cz.jpg, Size: 42.87K, Time Taken: 0.0241 secs
*INFO* 	2016/11/22 - 11:57:31: Added Product, Name: Protiskluzový gel PetEsthé PAW na tlapky pro psy 35 ml, ID: 146, Reference: 
*INFO* 	2016/11/22 - 11:57:31: Assigning default Category ID: 5, for Product ID: 146
*INFO* 	2016/11/22 - 11:57:31: Image downloaded: https://www.spokojeny-mazlicek.cz/fotky62763/fotos/original/_vyr_65paw_ph01.jpg, Size: 14.56K, Time Taken: 0.011518 secs
*INFO* 	2016/11/22 - 11:57:31: Added Product, Name: Hydratační gel na tlapky PetEsthé, ID: 147, Reference: 
*INFO* 	2016/11/22 - 11:57:31: Assigning default Category ID: 5, for Product ID: 147
*INFO* 	2016/11/22 - 11:57:31: Image downloaded: https://www.spokojeny-mazlicek.cz/fotky62763/fotos/original/_vyr_66paw_zelena.jpg, Size: 43.79K, Time Taken: 0.012783 secs
*INFO* 	2016/11/22 - 11:57:31: Added Product, Name: AMÉLIE DE LUXE, ID: 148, Reference: 
*INFO* 	2016/11/22 - 11:57:31: Assigning default Category ID: 7, for Product ID: 148
*INFO* 	2016/11/22 - 11:57:32: Image downloaded: https://www.spokojeny-mazlicek.cz/fotky62763/fotos/original/_vyr_67ameliedlA52-260x195.jpg, Size: 9.59K, Time Taken: 0.012459 secs
*INFO* 	2016/11/22 - 11:57:32: Added Product, Name: AFRODITHE, ID: 149, Reference: 
*INFO* 	2016/11/22 - 11:57:32: Assigning default Category ID: 7, for Product ID: 149
*INFO* 	2016/11/22 - 11:57:32: Image downloaded: https://www.spokojeny-mazlicek.cz/fotky62763/fotos/original/_vyr_68_vyr_afrodithe-model2.jpg, Size: 242.79K, Time Taken: 0.025979 secs
*INFO* 	2016/11/22 - 11:57:34: Added Product, Name: Domeček IGLÚ, ID: 150, Reference: 
*INFO* 	2016/11/22 - 11:57:34: Assigning default Category ID: 7, for Product ID: 150
*INFO* 	2016/11/22 - 11:57:34: Image downloaded: https://www.spokojeny-mazlicek.cz/fotky62763/fotos/original/_vyr_69iglu-model.jpg, Size: 83.49K, Time Taken: 0.014513 secs
*INFO* 	2016/11/22 - 11:57:34: Added Product, Name: Kombinéza Softshell dvoubarevná, ID: 151, Reference: 
*INFO* 	2016/11/22 - 11:57:34: Assigning default Category ID: 12, for Product ID: 151
*INFO* 	2016/11/22 - 11:57:34: Image downloaded: https://www.spokojeny-mazlicek.cz/fotky62763/fotos/original/_vyr_70_vyrp12_386KSD001-model1.jpg, Size: 135.48K, Time Taken: 0.015805 secs
*INFO* 	2016/11/22 - 11:57:35: Added Product, Name: Kombinéza SKI, ID: 152, Reference: 
*INFO* 	2016/11/22 - 11:57:35: Assigning default Category ID: 12, for Product ID: 152
*INFO* 	2016/11/22 - 11:57:35: Image downloaded: https://www.spokojeny-mazlicek.cz/fotky62763/fotos/original/_vyr_71KSK-260x195.jpg, Size: 6.07K, Time Taken: 0.010926 secs
*INFO* 	2016/11/22 - 11:57:36: Added Product, Name: Bunda SKI, ID: 153, Reference: 
*INFO* 	2016/11/22 - 11:57:36: Assigning default Category ID: 12, for Product ID: 153
*INFO* 	2016/11/22 - 11:57:36: Image downloaded: https://www.spokojeny-mazlicek.cz/fotky62763/fotos/_vyr_72novy.jpg, Size: 447.25K, Time Taken: 0.030767 secs
*INFO* 	2016/11/22 - 11:57:39: Added Product, Name: CUBE, ID: 154, Reference: 
*INFO* 	2016/11/22 - 11:57:39: Assigning default Category ID: 7, for Product ID: 154
*INFO* 	2016/11/22 - 11:57:39: Image downloaded: https://www.spokojeny-mazlicek.cz/fotky62763/fotos/original/_vyr_73sedy.jpg, Size: 56.89K, Time Taken: 0.021018 secs
*INFO* 	2016/11/22 - 11:57:39: Added Product, Name: Matrace ELEGANCE, ID: 155, Reference: 
*INFO* 	2016/11/22 - 11:57:39: Assigning default Category ID: 7, for Product ID: 155
*INFO* 	2016/11/22 - 11:57:39: Image downloaded: https://www.spokojeny-mazlicek.cz/fotky62763/fotos/_vyr_74_vyr_matraceelegance-model.jpg, Size: 669.68K, Time Taken: 0.044617 secs
*INFO* 	2016/11/22 - 11:57:42: Added Product, Name: ROYAL, ID: 156, Reference: 
*INFO* 	2016/11/22 - 11:57:42: Assigning default Category ID: 7, for Product ID: 156
*INFO* 	2016/11/22 - 11:57:42: Image downloaded: https://www.spokojeny-mazlicek.cz/fotky62763/fotos/original/_vyr_75royal-m.jpg, Size: 5.57K, Time Taken: 0.00948 secs
*INFO* 	2016/11/22 - 11:57:42: Added Product, Name: EXCLUSIVE, ID: 157, Reference: 
*INFO* 	2016/11/22 - 11:57:42: Assigning default Category ID: 7, for Product ID: 157
*INFO* 	2016/11/22 - 11:57:42: Image downloaded: https://www.spokojeny-mazlicek.cz/fotky62763/fotos/original/_vyr_76exclus-m.jpg, Size: 5.46K, Time Taken: 0.011702 secs
*INFO* 	2016/11/22 - 11:57:42: Updated 0 and Added 75 Products
*INFO* 	2016/11/22 - 11:57:43: Import finished, running cleanup tasks.
*INFO* 	2016/11/22 - 11:57:43: Regenerating Category Tree..
